<?xml version="1.0" encoding="UTF-8"?>
<!-- Generated by org.testng.reporters.JUnitReportReporter -->
<testsuite hostname="chengx-pc" name="com.hymake.nova.test.CreateDangerSourceTest" tests="11" failures="0" timestamp="8 Mar 2018 03:36:28 GMT" time="835.296" errors="0">
  <testcase name="addScfTest" time="105.680" classname="com.hymake.nova.test.CreateDangerSourceTest"/>
  <testcase name="addTmpTest" time="107.105" classname="com.hymake.nova.test.CreateDangerSourceTest"/>
  <testcase name="deleteTest" time="35.110" classname="com.hymake.nova.test.CreateDangerSourceTest"/>
  <testcase name="addHoistTest" time="116.727" classname="com.hymake.nova.test.CreateDangerSourceTest"/>
  <testcase name="addHoleTest" time="81.691" classname="com.hymake.nova.test.CreateDangerSourceTest"/>
  <testcase name="addBlstTest" time="109.107" classname="com.hymake.nova.test.CreateDangerSourceTest"/>
  <testcase name="lookTest" time="48.226" classname="com.hymake.nova.test.CreateDangerSourceTest"/>
  <testcase name="addDigTest" time="114.245" classname="com.hymake.nova.test.CreateDangerSourceTest"/>
  <testcase name="clearTest" time="45.144" classname="com.hymake.nova.test.CreateDangerSourceTest"/>
  <testcase name="recallTest" time="48.653" classname="com.hymake.nova.test.CreateDangerSourceTest"/>
  <testcase name="buttonAssert" time="23.608" classname="com.hymake.nova.test.CreateDangerSourceTest"/>
</testsuite> <!-- com.hymake.nova.test.CreateDangerSourceTest -->
